Using pre-set license
Built from '2020.3/release' branch; Version is '2020.3.1f1 (77a89f25062f) revision 7841951'; Using compiler version '192528614'; Build Type 'Release'
OS: 'Windows 10 Home; OS build 19041.985; Version 2004; 64bit' Language: 'ko' Physical Memory: 8107 MB
BatchMode: 1, IsHumanControllingUs: 0, StartBugReporterOnCrash: 0, Is64bit: 1, IsPro: 0

 COMMAND LINE ARGUMENTS:
C:\Program Files\Unity\Hub\Editor\2020.3.1f1\Editor\Unity.exe
-adb2
-batchMode
-noUpm
-name
AssetImportWorker0
-projectPath
C:/Users/김근범/Documents/gaehimdleda
-logFile
Logs/AssetImportWorker0.log
-srvPort
10441
Successfully changed project path to: C:/Users/김근범/Documents/gaehimdleda
C:/Users/김근범/Documents/gaehimdleda
Using Asset Import Pipeline V2.
Refreshing native plugins compatible for Editor in 30.52 ms, found 0 plugins.
Preloading 0 native plugins for Editor in 0.00 ms.
Initialize engine version: 2020.3.1f1 (77a89f25062f)
[Subsystems] Discovering subsystems at path C:/Program Files/Unity/Hub/Editor/2020.3.1f1/Editor/Data/Resources/UnitySubsystems
[Subsystems] Discovering subsystems at path C:/Users/김근범/Documents/gaehimdleda/Assets
GfxDevice: creating device client; threaded=0
Direct3D:
    Version:  Direct3D 11.0 [level 11.1]
    Renderer: Intel(R) UHD Graphics 620 (ID=0x5917)
    Vendor:   
    VRAM:     4053 MB
    Driver:   27.20.100.8730
Initialize mono
Mono path[0] = 'C:/Program Files/Unity/Hub/Editor/2020.3.1f1/Editor/Data/Managed'
Mono path[1] = 'C:/Program Files/Unity/Hub/Editor/2020.3.1f1/Editor/Data/MonoBleedingEdge/lib/mono/unityjit'
Mono config path = 'C:/Program Files/Unity/Hub/Editor/2020.3.1f1/Editor/Data/MonoBleedingEdge/etc'
Using monoOptions --debugger-agent=transport=dt_socket,embedding=1,server=y,suspend=n,address=127.0.0.1:56940
Begin MonoManager ReloadAssembly
Registering precompiled unity dll's ...
Register platform support module: C:/Program Files/Unity/Hub/Editor/2020.3.1f1/Editor/Data/PlaybackEngines/WindowsStandaloneSupport/UnityEditor.WindowsStandalone.Extensions.dll
Registered in 0.004879 seconds.
Native extension for WindowsStandalone target not found
Refreshing native plugins compatible for Editor in 30.85 ms, found 0 plugins.
Preloading 0 native plugins for Editor in 0.00 ms.
Invoked RoslynAnalysisRunner static constructor.
RoslynAnalysisRunner will not be running.
RoslynAnalysisRunner has terminated.
Mono: successfully reloaded assembly
- Completed reload, in  4.842 seconds
Platform modules already initialized, skipping
Registering precompiled user dll's ...
Registered in 0.001481 seconds.
Begin MonoManager ReloadAssembly
Native extension for WindowsStandalone target not found
Refreshing native plugins compatible for Editor in 0.23 ms, found 0 plugins.
Preloading 0 native plugins for Editor in 0.00 ms.
Invoked RoslynAnalysisRunner static constructor.
RoslynAnalysisRunner will not be running.
RoslynAnalysisRunner has terminated.
Mono: successfully reloaded assembly
- Completed reload, in  0.991 seconds
Platform modules already initialized, skipping
========================================================================
Worker process is ready to serve import requests
Launched and connected shader compiler UnityShaderCompiler.exe after 0.08 seconds
Refreshing native plugins compatible for Editor in 0.24 ms, found 0 plugins.
Preloading 0 native plugins for Editor in 0.00 ms.
Unloading 1143 Unused Serialized files (Serialized files now loaded: 0)
System memory in use before: 58.9 MB.
System memory in use after: 58.9 MB.

Unloading 10 unused Assets to reduce memory usage. Loaded Objects now: 1586.
Total: 2.198400 ms (FindLiveObjects: 0.215100 ms CreateObjectMapping: 0.078800 ms MarkObjects: 1.800100 ms  DeleteObjects: 0.102900 ms)

========================================================================
Received Import Request.
  path: Assets/New Terrain 2.asset
  artifactKey: Guid(96de494373ac04f4ca502fe925b8ad5b) Importer(815301076,1909f56bfc062723c751e8b465ee728b)
Start importing Assets/New Terrain 2.asset using Guid(96de494373ac04f4ca502fe925b8ad5b) Importer(815301076,1909f56bfc062723c751e8b465ee728b)  -> (artifact id: '298df8bbfca210c0454dae85722fa69e') in 0.079299 seconds
  Import took 0.081625 seconds .

========================================================================
Received Import Request.
  Time since last request: 0.000427 seconds.
  path: Assets/SimpleLowPolyNature/Lowpoly Demo Post-processing Profile.asset
  artifactKey: Guid(8474767a16347414bbd97f6670a97ea8) Importer(815301076,1909f56bfc062723c751e8b465ee728b)
Start importing Assets/SimpleLowPolyNature/Lowpoly Demo Post-processing Profile.asset using Guid(8474767a16347414bbd97f6670a97ea8) Importer(815301076,1909f56bfc062723c751e8b465ee728b)  -> (artifact id: '9dfdbd9af70801444851cfe165591c94') in 0.009800 seconds
  Import took 0.012765 seconds .

========================================================================
Received Import Request.
  Time since last request: 0.000276 seconds.
  path: Assets/New Terrain.asset
  artifactKey: Guid(02855266890bd4e4d98203dfa3130676) Importer(815301076,1909f56bfc062723c751e8b465ee728b)
Start importing Assets/New Terrain.asset using Guid(02855266890bd4e4d98203dfa3130676) Importer(815301076,1909f56bfc062723c751e8b465ee728b)  -> (artifact id: 'bd0dd7eecbbce3b07a09837adcae0c4c') in 0.026373 seconds
  Import took 0.028756 seconds .

========================================================================
Received Import Request.
  Time since last request: 0.000315 seconds.
  path: Assets/New Terrain 1.asset
  artifactKey: Guid(fb3f77a76d93e20449d596cda58f1499) Importer(815301076,1909f56bfc062723c751e8b465ee728b)
Start importing Assets/New Terrain 1.asset using Guid(fb3f77a76d93e20449d596cda58f1499) Importer(815301076,1909f56bfc062723c751e8b465ee728b)  -> (artifact id: 'ab5f696624cbda215e1f34004ba3ba8e') in 0.023614 seconds
  Import took 0.025843 seconds .

========================================================================
Received Import Request.
  Time since last request: 1.306008 seconds.
  path: Assets/SimpleLowPolyNature/Scenes
  artifactKey: Guid(42f24a6993a5efe45921fa92af43b7e9) Importer(815301076,1909f56bfc062723c751e8b465ee728b)
Start importing Assets/SimpleLowPolyNature/Scenes using Guid(42f24a6993a5efe45921fa92af43b7e9) Importer(815301076,1909f56bfc062723c751e8b465ee728b)  -> (artifact id: 'aa7e7a991fdcb9a19b9e36226d4590b0') in 0.009488 seconds
  Import took 0.011775 seconds .

========================================================================
Received Import Request.
  Time since last request: 0.007887 seconds.
  path: Assets/SimpleLowPolyNature/Scenes
  artifactKey: Guid(42f24a6993a5efe45921fa92af43b7e9) Importer(815301076,1909f56bfc062723c751e8b465ee728b)
Start importing Assets/SimpleLowPolyNature/Scenes using Guid(42f24a6993a5efe45921fa92af43b7e9) Importer(815301076,1909f56bfc062723c751e8b465ee728b)  -> (artifact id: 'aa7e7a991fdcb9a19b9e36226d4590b0') in 0.004182 seconds
  Import took 0.006629 seconds .

========================================================================
Received Import Request.
  Time since last request: 1.499463 seconds.
  path: Assets/SimpleLowPolyNature/Scenes/DemoDay.unity
  artifactKey: Guid(304a5748b784bc241be3c08d67013b21) Importer(815301076,1909f56bfc062723c751e8b465ee728b)
Start importing Assets/SimpleLowPolyNature/Scenes/DemoDay.unity using Guid(304a5748b784bc241be3c08d67013b21) Importer(815301076,1909f56bfc062723c751e8b465ee728b)  -> (artifact id: 'ff802877c1e1b9667fc3000023d60fee') in 0.009903 seconds
  Import took 0.012490 seconds .

========================================================================
Received Prepare
Registering precompiled user dll's ...
Registered in 0.001339 seconds.
Begin MonoManager ReloadAssembly
Native extension for WindowsStandalone target not found
Refreshing native plugins compatible for Editor in 0.25 ms, found 0 plugins.
Preloading 0 native plugins for Editor in 0.00 ms.
Invoked RoslynAnalysisRunner static constructor.
RoslynAnalysisRunner will not be running.
RoslynAnalysisRunner has terminated.
Mono: successfully reloaded assembly
- Completed reload, in  0.919 seconds
Platform modules already initialized, skipping
Refreshing native plugins compatible for Editor in 0.29 ms, found 0 plugins.
Preloading 0 native plugins for Editor in 0.00 ms.
Unloading 1136 Unused Serialized files (Serialized files now loaded: 0)
System memory in use before: 59.5 MB.
System memory in use after: 59.0 MB.

Unloading 7 unused Assets to reduce memory usage. Loaded Objects now: 1590.
Total: 4.824600 ms (FindLiveObjects: 0.330500 ms CreateObjectMapping: 0.120100 ms MarkObjects: 3.739300 ms  DeleteObjects: 0.632100 ms)

========================================================================
Received Prepare
Registering precompiled user dll's ...
Registered in 0.002984 seconds.
Begin MonoManager ReloadAssembly
Native extension for WindowsStandalone target not found
Refreshing native plugins compatible for Editor in 0.25 ms, found 0 plugins.
Preloading 0 native plugins for Editor in 0.00 ms.
Invoked RoslynAnalysisRunner static constructor.
RoslynAnalysisRunner will not be running.
RoslynAnalysisRunner has terminated.
Mono: successfully reloaded assembly
- Completed reload, in  1.064 seconds
Platform modules already initialized, skipping
Refreshing native plugins compatible for Editor in 0.28 ms, found 0 plugins.
Preloading 0 native plugins for Editor in 0.00 ms.
Unloading 1136 Unused Serialized files (Serialized files now loaded: 0)
System memory in use before: 59.0 MB.
System memory in use after: 59.1 MB.

Unloading 5 unused Assets to reduce memory usage. Loaded Objects now: 1593.
Total: 2.520500 ms (FindLiveObjects: 0.298500 ms CreateObjectMapping: 0.062600 ms MarkObjects: 2.082100 ms  DeleteObjects: 0.074500 ms)

AssetImportWorkerClient::OnTransportError - code=2 error=End of file
